2023-02-27 11:33:02 INFO  Main:36 - saved data reading
2023-02-27 11:33:02 INFO  Main:41 - application start
2023-02-27 11:33:03 INFO  Controller:74 - Main controller initializing
2023-02-27 11:33:06 INFO  NewEditController:91 - new/edit window initializing
2023-02-27 11:33:29 INFO  NewEditController:91 - new/edit window initializing
2023-02-27 11:34:25 INFO  TaskInfoController:25 - task info window initializing
2023-02-27 11:34:25 ERROR Controller:127 - error loading task-info.fxml
2023-02-27 11:34:27 INFO  TaskInfoController:25 - task info window initializing
2024-02-04 20:47:47 INFO  Main:35 - saved data reading
2024-02-04 20:47:47 INFO  Main:40 - application start
2024-02-04 20:47:48 INFO  Controller:74 - Main controller initializing
2024-02-04 20:47:54 INFO  NewEditController:89 - new/edit window initializing
2024-02-04 20:48:29 INFO  NewEditController:89 - new/edit window initializing
2024-02-04 20:49:05 INFO  NewEditController:89 - new/edit window initializing
2024-02-04 20:49:55 INFO  NewEditController:89 - new/edit window initializing
2024-02-04 20:50:19 INFO  NewEditController:89 - new/edit window initializing
2024-02-04 20:50:29 INFO  NewEditController:89 - new/edit window initializing
2024-02-04 20:50:43 INFO  NewEditController:89 - new/edit window initializing
2024-02-04 20:50:48 INFO  NewEditController:89 - new/edit window initializing
2024-02-04 20:51:01 INFO  TaskInfoController:24 - task info window initializing
2024-02-04 20:51:01 ERROR Controller:127 - error loading task-info.fxml
2024-02-04 20:51:03 INFO  TaskInfoController:24 - task info window initializing
2024-02-05 11:47:15 INFO  Main:35 - saved data reading
2024-02-05 11:47:15 INFO  Main:40 - application start
2024-02-05 11:47:17 INFO  Controller:74 - Main controller initializing
2024-02-05 11:48:28 INFO  TaskInfoController:24 - task info window initializing
2024-03-13 15:45:27 INFO  Main:35 - saved data reading
2024-03-13 15:45:27 INFO  Main:40 - application start
2024-03-13 15:45:27 INFO  Controller:74 - Main controller initializing
2024-03-13 15:45:33 INFO  NewEditController:89 - new/edit window initializing
2024-03-13 15:49:29 INFO  Main:35 - saved data reading
2024-03-13 15:49:29 INFO  Main:40 - application start
2024-03-13 15:49:29 INFO  Controller:74 - Main controller initializing
2024-03-13 15:49:32 INFO  NewEditController:89 - new/edit window initializing
2024-03-13 15:49:40 INFO  NewEditController:89 - new/edit window initializing
2024-03-13 15:57:51 INFO  Main:35 - saved data reading
2024-03-13 15:57:51 INFO  Main:40 - application start
2024-03-13 15:57:51 INFO  Controller:74 - Main controller initializing
2024-03-13 16:59:05 INFO  Main:35 - saved data reading
2024-03-13 16:59:05 INFO  Main:40 - application start
2024-03-13 16:59:05 INFO  Controller:74 - Main controller initializing
2024-03-13 16:59:45 INFO  Main:35 - saved data reading
2024-03-13 16:59:45 INFO  Main:40 - application start
2024-03-13 16:59:45 INFO  Controller:74 - Main controller initializing
2024-03-13 17:02:26 INFO  Main:35 - saved data reading
2024-03-13 17:02:26 INFO  Main:40 - application start
2024-03-13 17:02:26 INFO  Controller:74 - Main controller initializing
2024-03-13 17:03:00 INFO  Main:35 - saved data reading
2024-03-13 17:03:00 INFO  Main:40 - application start
2024-03-13 17:03:00 INFO  Controller:74 - Main controller initializing
2024-03-13 17:04:45 INFO  Main:35 - saved data reading
2024-03-13 17:04:45 INFO  Main:40 - application start
2024-03-13 17:04:45 INFO  Controller:74 - Main controller initializing
2024-03-13 17:04:49 INFO  NewEditController:89 - new/edit window initializing
2024-03-13 17:04:50 INFO  NewEditController:89 - new/edit window initializing
2024-03-13 17:05:44 INFO  Main:35 - saved data reading
2024-03-13 17:05:44 INFO  Main:40 - application start
2024-03-13 17:05:44 INFO  Controller:74 - Main controller initializing
2024-03-21 10:36:16 INFO  Main:35 - saved data reading
2024-03-21 10:36:16 INFO  Main:40 - application start
2024-03-21 10:36:17 INFO  Controller:74 - Main controller initializing
2024-03-21 10:36:19 INFO  NewEditController:89 - new/edit window initializing
2024-03-21 10:39:44 INFO  Main:35 - saved data reading
2024-03-21 10:39:44 INFO  Main:40 - application start
2024-03-21 10:39:44 INFO  Controller:74 - Main controller initializing
2024-05-13 15:27:24 INFO  Main:35 - saved data reading
2024-05-13 15:27:24 INFO  Main:40 - application start
2024-05-13 15:27:24 INFO  Controller:74 - Main controller initializing
2024-05-13 15:28:01 INFO  Main:35 - saved data reading
2024-05-13 15:28:01 INFO  Main:40 - application start
2024-05-13 15:28:01 INFO  Controller:74 - Main controller initializing
2024-05-13 15:29:27 INFO  Main:35 - saved data reading
2024-05-13 15:29:27 INFO  Main:40 - application start
2024-05-13 15:29:27 INFO  Controller:74 - Main controller initializing
2024-05-13 15:32:02 INFO  Main:35 - saved data reading
2024-05-13 15:32:02 INFO  Main:40 - application start
2024-05-13 15:32:02 INFO  Controller:74 - Main controller initializing
2024-05-13 15:34:21 INFO  Main:35 - saved data reading
2024-05-13 15:34:21 INFO  Main:40 - application start
2024-05-13 15:34:21 INFO  Controller:74 - Main controller initializing
